<?xml version="1.0" encoding="UTF-8"?>
<!-- Generated by org.testng.reporters.JUnitXMLReporter -->
<testsuite hostname="LAPTOP-O9S1G994" ignored="0" name="Test" tests="2" failures="1" timestamp="22 May 2022 10:56:26 GMT" time="0.089" errors="0">
  <testcase name="@BeforeSuite setup" time="32.692" classname="pageActions.baseClass">
    <failure type="org.openqa.selenium.InvalidArgumentException" message="invalid argument: user data directory is already in use, please specify a unique value for --user-data-dir argument, or don&amp;apos;t use --user-data-dir
Build info: version: &amp;apos;3.141.59&amp;apos;, revision: &amp;apos;e82be7d358&amp;apos;, time: &amp;apos;2018-11-14T08:17:03&amp;apos;
System info: host: &amp;apos;LAPTOP-O9S1G994&amp;apos;, ip: &amp;apos;192.168.1.28&amp;apos;, os.name: &amp;apos;Windows 10&amp;apos;, os.arch: &amp;apos;amd64&amp;apos;, os.version: &amp;apos;10.0&amp;apos;, java.version: &amp;apos;1.8.0_281&amp;apos;
Driver info: driver.version: ChromeDriver
remote stacktrace: Backtrace:
	Ordinal0 [0x008E2733+2434867]
	Ordinal0 [0x008707A1+1968033]
	Ordinal0 [0x0075C678+837240]
	Ordinal0 [0x0077983F+956479]
	Ordinal0 [0x00775F91+941969]
	Ordinal0 [0x007A90B0+1151152]
	Ordinal0 [0x007A8D0A+1150218]
	Ordinal0 [0x007A4256+1131094]
	Ordinal0 [0x0077E840+976960]
	Ordinal0 [0x0077F736+980790]
	GetHandleVerifier [0x00B53C72+2515426]
	GetHandleVerifier [0x00B4702F+2463135]
	GetHandleVerifier [0x0098522A+620442]
	GetHandleVerifier [0x00984016+615814]
	Ordinal0 [0x0087707B+1994875]
	Ordinal0 [0x0087B938+2013496]
	Ordinal0 [0x0087BA25+2013733]
	Ordinal0 [0x00884DE1+2051553]
	BaseThreadInitThunk [0x768CFA29+25]
	RtlGetAppContainerNamedObjectPath [0x76FE7A7E+286]
	RtlGetAppContainerNamedObjectPath [0x76FE7A4E+238]
">
      <![CDATA[org.openqa.selenium.InvalidArgumentException: invalid argument: user data directory is already in use, please specify a unique value for --user-data-dir argument, or don't use --user-data-dir
Build info: version: '3.141.59', revision: 'e82be7d358', time: '2018-11-14T08:17:03'
System info: host: 'LAPTOP-O9S1G994', ip: '192.168.1.28', os.name: 'Windows 10', os.arch: 'amd64', os.version: '10.0', java.version: '1.8.0_281'
Driver info: driver.version: ChromeDriver
remote stacktrace: Backtrace:
Ordinal0 [0x008E2733+2434867]
Ordinal0 [0x008707A1+1968033]
Ordinal0 [0x0075C678+837240]
Ordinal0 [0x0077983F+956479]
Ordinal0 [0x00775F91+941969]
Ordinal0 [0x007A90B0+1151152]
Ordinal0 [0x007A8D0A+1150218]
Ordinal0 [0x007A4256+1131094]
Ordinal0 [0x0077E840+976960]
Ordinal0 [0x0077F736+980790]
GetHandleVerifier [0x00B53C72+2515426]
GetHandleVerifier [0x00B4702F+2463135]
GetHandleVerifier [0x0098522A+620442]
GetHandleVerifier [0x00984016+615814]
Ordinal0 [0x0087707B+1994875]
Ordinal0 [0x0087B938+2013496]
Ordinal0 [0x0087BA25+2013733]
Ordinal0 [0x00884DE1+2051553]
BaseThreadInitThunk [0x768CFA29+25]
RtlGetAppContainerNamedObjectPath [0x76FE7A7E+286]
RtlGetAppContainerNamedObjectPath [0x76FE7A4E+238]

at org.openqa.selenium.remote.W3CHandshakeResponse.lambda$errorHandler$0(W3CHandshakeResponse.java:62)
at org.openqa.selenium.remote.HandshakeResponse.lambda$getResponseFunction$0(HandshakeResponse.java:30)
at org.openqa.selenium.remote.ProtocolHandshake.lambda$createSession$0(ProtocolHandshake.java:126)
at java.util.stream.ReferencePipeline$3$1.accept(ReferencePipeline.java:193)
at java.util.Spliterators$ArraySpliterator.tryAdvance(Spliterators.java:958)
at java.util.stream.ReferencePipeline.forEachWithCancel(ReferencePipeline.java:126)
at java.util.stream.AbstractPipeline.copyIntoWithCancel(AbstractPipeline.java:499)
at java.util.stream.AbstractPipeline.copyInto(AbstractPipeline.java:486)
at java.util.stream.AbstractPipeline.wrapAndCopyInto(AbstractPipeline.java:472)
at java.util.stream.FindOps$FindOp.evaluateSequential(FindOps.java:152)
at java.util.stream.AbstractPipeline.evaluate(AbstractPipeline.java:234)
at java.util.stream.ReferencePipeline.findFirst(ReferencePipeline.java:464)
at org.openqa.selenium.remote.ProtocolHandshake.createSession(ProtocolHandshake.java:128)
at org.openqa.selenium.remote.ProtocolHandshake.createSession(ProtocolHandshake.java:74)
at org.openqa.selenium.remote.HttpCommandExecutor.execute(HttpCommandExecutor.java:136)
at org.openqa.selenium.remote.service.DriverCommandExecutor.execute(DriverCommandExecutor.java:83)
at org.openqa.selenium.remote.RemoteWebDriver.execute(RemoteWebDriver.java:552)
at org.openqa.selenium.remote.RemoteWebDriver.startSession(RemoteWebDriver.java:213)
at org.openqa.selenium.remote.RemoteWebDriver.<init>(RemoteWebDriver.java:131)
at org.openqa.selenium.chrome.ChromeDriver.<init>(ChromeDriver.java:181)
at org.openqa.selenium.chrome.ChromeDriver.<init>(ChromeDriver.java:168)
at org.openqa.selenium.chrome.ChromeDriver.<init>(ChromeDriver.java:157)
at pageActions.baseClass.setup(baseClass.java:73)
... Removed 24 stack frames]]>
    </failure>
  </testcase> <!-- @BeforeSuite setup -->
  <testcase name="@BeforeClass beforeClass" time="0.0" classname="pageActions.baseClass">
    <skipped/>
  </testcase> <!-- @BeforeClass beforeClass -->
  <testcase name="@BeforeMethod beforeMethod" time="0.0" classname="pageActions.baseClass">
    <skipped/>
  </testcase> <!-- @BeforeMethod beforeMethod -->
  <testcase name="pgPosting" time="0.0" classname="testSuite.TC1">
    <skipped/>
  </testcase> <!-- pgPosting -->
  <testcase name="pgPosting" time="0.016" classname="testSuite.TC1">
    <failure type="java.lang.NullPointerException">
      <![CDATA[java.lang.NullPointerException
at Listeners.CustomListeners.onTestSkipped(CustomListeners.java:93)
... Removed 23 stack frames]]>
    </failure>
  </testcase> <!-- pgPosting -->
</testsuite> <!-- Test -->
